### version information

```
pre-commit version: 4.0.1
git --version: git version 2.43.0
sys.version:
    3.11.3 (main, Feb 16 2025, 11:56:47) [GCC 13.3.0]
sys.executable: /home/remy/Documents/Projects/MultivariateNormativeModeling/.venv/bin/python
os.name: posix
sys.platform: linux
```

### error information

```
An unexpected error has occurred: CalledProcessError: command: ('/usr/bin/git', 'fetch', 'origin', '--tags')
return code: 128
stdout: (none)
stderr:
    fatal: unable to access 'https://github.com/pre-commit/pre-commit-hooks/': Could not resolve host: github.com
```

```
Traceback (most recent call last):
  File "/home/remy/Documents/Projects/MultivariateNormativeModeling/.venv/lib/python3.11/site-packages/pre_commit/store.py", line 207, in clone_strategy
    self._shallow_clone(ref, _git_cmd)
  File "/home/remy/Documents/Projects/MultivariateNormativeModeling/.venv/lib/python3.11/site-packages/pre_commit/store.py", line 189, in _shallow_clone
    git_cmd('-c', git_config, 'fetch', 'origin', ref, '--depth=1')
  File "/home/remy/Documents/Projects/MultivariateNormativeModeling/.venv/lib/python3.11/site-packages/pre_commit/store.py", line 204, in _git_cmd
    cmd_output_b('git', *args, cwd=directory, env=env)
  File "/home/remy/Documents/Projects/MultivariateNormativeModeling/.venv/lib/python3.11/site-packages/pre_commit/util.py", line 111, in cmd_output_b
    raise CalledProcessError(returncode, cmd, stdout_b, stderr_b)
pre_commit.util.CalledProcessError: command: ('/usr/bin/git', '-c', 'protocol.version=2', 'fetch', 'origin', 'v5.0.0', '--depth=1')
return code: 128
stdout: (none)
stderr:
    fatal: unable to access 'https://github.com/pre-commit/pre-commit-hooks/': Could not resolve host: github.com

During handling of the above exception, another exception occurred:

Traceback (most recent call last):
  File "/home/remy/Documents/Projects/MultivariateNormativeModeling/.venv/lib/python3.11/site-packages/pre_commit/error_handler.py", line 73, in error_handler
    yield
  File "/home/remy/Documents/Projects/MultivariateNormativeModeling/.venv/lib/python3.11/site-packages/pre_commit/main.py", line 399, in main
    return install(
           ^^^^^^^^
  File "/home/remy/Documents/Projects/MultivariateNormativeModeling/.venv/lib/python3.11/site-packages/pre_commit/commands/install_uninstall.py", line 139, in install
    install_hooks(config_file, store)
  File "/home/remy/Documents/Projects/MultivariateNormativeModeling/.venv/lib/python3.11/site-packages/pre_commit/commands/install_uninstall.py", line 145, in install_hooks
    install_hook_envs(all_hooks(load_config(config_file), store), store)
                      ^^^^^^^^^^^^^^^^^^^^^^^^^^^^^^^^^^^^^^^^^^
  File "/home/remy/Documents/Projects/MultivariateNormativeModeling/.venv/lib/python3.11/site-packages/pre_commit/repository.py", line 233, in all_hooks
    return tuple(
           ^^^^^^
  File "/home/remy/Documents/Projects/MultivariateNormativeModeling/.venv/lib/python3.11/site-packages/pre_commit/repository.py", line 236, in <genexpr>
    for hook in _repository_hooks(repo, store, root_config)
                ^^^^^^^^^^^^^^^^^^^^^^^^^^^^^^^^^^^^^^^^^^^
  File "/home/remy/Documents/Projects/MultivariateNormativeModeling/.venv/lib/python3.11/site-packages/pre_commit/repository.py", line 211, in _repository_hooks
    return _cloned_repository_hooks(repo_config, store, root_config)
           ^^^^^^^^^^^^^^^^^^^^^^^^^^^^^^^^^^^^^^^^^^^^^^^^^^^^^^^^^
  File "/home/remy/Documents/Projects/MultivariateNormativeModeling/.venv/lib/python3.11/site-packages/pre_commit/repository.py", line 177, in _cloned_repository_hooks
    manifest_path = os.path.join(store.clone(repo, rev), C.MANIFEST_FILE)
                                 ^^^^^^^^^^^^^^^^^^^^^^
  File "/home/remy/Documents/Projects/MultivariateNormativeModeling/.venv/lib/python3.11/site-packages/pre_commit/store.py", line 211, in clone
    return self._new_repo(repo, ref, deps, clone_strategy)
           ^^^^^^^^^^^^^^^^^^^^^^^^^^^^^^^^^^^^^^^^^^^^^^^
  File "/home/remy/Documents/Projects/MultivariateNormativeModeling/.venv/lib/python3.11/site-packages/pre_commit/store.py", line 165, in _new_repo
    make_strategy(directory)
  File "/home/remy/Documents/Projects/MultivariateNormativeModeling/.venv/lib/python3.11/site-packages/pre_commit/store.py", line 209, in clone_strategy
    self._complete_clone(ref, _git_cmd)
  File "/home/remy/Documents/Projects/MultivariateNormativeModeling/.venv/lib/python3.11/site-packages/pre_commit/store.py", line 181, in _complete_clone
    git_cmd('fetch', 'origin', '--tags')
  File "/home/remy/Documents/Projects/MultivariateNormativeModeling/.venv/lib/python3.11/site-packages/pre_commit/store.py", line 204, in _git_cmd
    cmd_output_b('git', *args, cwd=directory, env=env)
  File "/home/remy/Documents/Projects/MultivariateNormativeModeling/.venv/lib/python3.11/site-packages/pre_commit/util.py", line 111, in cmd_output_b
    raise CalledProcessError(returncode, cmd, stdout_b, stderr_b)
pre_commit.util.CalledProcessError: command: ('/usr/bin/git', 'fetch', 'origin', '--tags')
return code: 128
stdout: (none)
stderr:
    fatal: unable to access 'https://github.com/pre-commit/pre-commit-hooks/': Could not resolve host: github.com
```
